<?xml version="1.0" encoding="UTF-8"?>
<testsuites name="Mocha Tests" time="6.0070" tests="6" failures="4">
  <testsuite name="Root Suite" timestamp="2020-06-25T16:12:16" tests="0" time="0.0000" failures="0">
  </testsuite>
  <testsuite name="file_system_write_basics" timestamp="2020-06-25T16:12:16" tests="6" file="E:\Forte-7-t\8bf92c79-1119-43ee-bae2-00242a90552d\test\index.spec.js" time="6.0070" failures="4">
    <testcase name="file_system_write_basics should create a new directory" time="0.0020" classname="should create a new directory">
    </testcase>
    <testcase name="file_system_write_basics should create a recursive directory" time="2.0010" classname="should create a recursive directory">
      <failure message="Timeout of 2000ms exceeded. For async tests and hooks, ensure &quot;done()&quot; is called; if returning a Promise, ensure it resolves. (E:\Forte-7-t\8bf92c79-1119-43ee-bae2-00242a90552d\test\index.spec.js)" type="Error"><![CDATA[Error: Timeout of 2000ms exceeded. For async tests and hooks, ensure "done()" is called; if returning a Promise, ensure it resolves. (E:\Forte-7-t\8bf92c79-1119-43ee-bae2-00242a90552d\test\index.spec.js)
    at listOnTimeout (internal/timers.js:531:17)
    at processTimers (internal/timers.js:475:7)]]></failure>
    </testcase>
    <testcase name="file_system_write_basics should create a dynamic directory" time="0.0010" classname="should create a dynamic directory">
    </testcase>
    <testcase name="file_system_write_basics should create a directory and write the file inside the directory" time="2.0010" classname="should create a directory and write the file inside the directory">
      <failure message="Timeout of 2000ms exceeded. For async tests and hooks, ensure &quot;done()&quot; is called; if returning a Promise, ensure it resolves. (E:\Forte-7-t\8bf92c79-1119-43ee-bae2-00242a90552d\test\index.spec.js)" type="Error"><![CDATA[Error: Timeout of 2000ms exceeded. For async tests and hooks, ensure "done()" is called; if returning a Promise, ensure it resolves. (E:\Forte-7-t\8bf92c79-1119-43ee-bae2-00242a90552d\test\index.spec.js)
    at listOnTimeout (internal/timers.js:531:17)
    at processTimers (internal/timers.js:475:7)]]></failure>
    </testcase>
    <testcase name="file_system_write_basics should write a file inside a recursive directory" time="2.0020" classname="should write a file inside a recursive directory">
      <failure message="Timeout of 2000ms exceeded. For async tests and hooks, ensure &quot;done()&quot; is called; if returning a Promise, ensure it resolves. (E:\Forte-7-t\8bf92c79-1119-43ee-bae2-00242a90552d\test\index.spec.js)" type="Error"><![CDATA[Error: Timeout of 2000ms exceeded. For async tests and hooks, ensure "done()" is called; if returning a Promise, ensure it resolves. (E:\Forte-7-t\8bf92c79-1119-43ee-bae2-00242a90552d\test\index.spec.js)
    at listOnTimeout (internal/timers.js:531:17)
    at processTimers (internal/timers.js:475:7)]]></failure>
    </testcase>
    <testcase name="file_system_write_basics should reject with an error if the passed data is invalid" time="0.0000" classname="should reject with an error if the passed data is invalid">
      <failure message="Unexpected token T in JSON at position 0" type="SyntaxError"><![CDATA[SyntaxError: Unexpected token T in JSON at position 0
    at JSON.parse (<anonymous>)
    at Object.writeJSON (index.js:4:16)
    at Context.<anonymous> (test\index.spec.js:91:13)
    at processImmediate (internal/timers.js:439:21)]]></failure>
    </testcase>
  </testsuite>
</testsuites>